<?xml version="1.0" encoding="UTF-8"?>
<!-- Generated by org.testng.reporters.JUnitXMLReporter -->
<testsuite ignored="0" hostname="DESKTOP-0A8DN9C" failures="1" tests="1" name="Test1_firefoxTest" time="3.353" errors="0" timestamp="2024-11-14T13:28:59 IST">
  <testcase classname="TestNG.ex12_MultibrowserTesting" name="verifyLoginTc" time="3.343">
    <failure type="org.openqa.selenium.SessionNotCreatedException" message="Could not start a new session. Possible causes are invalid address of the remote server or browser start-up failure. 
Host info: host: &amp;apos;DESKTOP-0A8DN9C&amp;apos;, ip: &amp;apos;192.168.29.31&amp;apos;">
      <![CDATA[org.openqa.selenium.SessionNotCreatedException: Could not start a new session. Possible causes are invalid address of the remote server or browser start-up failure. 
Host info: host: 'DESKTOP-0A8DN9C', ip: '192.168.29.31'
at org.openqa.selenium.remote.RemoteWebDriver.execute(RemoteWebDriver.java:563)
at org.openqa.selenium.remote.RemoteWebDriver.startSession(RemoteWebDriver.java:245)
at org.openqa.selenium.remote.RemoteWebDriver.<init>(RemoteWebDriver.java:174)
at org.openqa.selenium.firefox.FirefoxDriver.<init>(FirefoxDriver.java:155)
at org.openqa.selenium.firefox.FirefoxDriver.<init>(FirefoxDriver.java:150)
at org.openqa.selenium.firefox.FirefoxDriver.<init>(FirefoxDriver.java:132)
at org.openqa.selenium.firefox.FirefoxDriver.<init>(FirefoxDriver.java:127)
at org.openqa.selenium.firefox.FirefoxDriver.<init>(FirefoxDriver.java:112)
at org.openqa.selenium.firefox.FirefoxDriver.<init>(FirefoxDriver.java:102)
at TestNG.ex12_MultibrowserTesting.verifyLoginTc(ex12_MultibrowserTesting.java:30)
at java.base/java.util.ArrayList.forEach(ArrayList.java:1511)
Caused by: org.openqa.selenium.WebDriverException: Driver server process died prematurely.
Build info: version: '4.24.0', revision: '748ffc9bc3'
System info: os.name: 'Windows 10', os.arch: 'amd64', os.version: '10.0', java.version: '17.0.10'
Driver info: driver.version: FirefoxDriver
at org.openqa.selenium.remote.service.DriverService.start(DriverService.java:246)
at org.openqa.selenium.remote.service.DriverCommandExecutor.execute(DriverCommandExecutor.java:117)
at org.openqa.selenium.remote.RemoteWebDriver.execute(RemoteWebDriver.java:545)
... 37 more
... Removed 27 stack frames]]>
    </failure>
  </testcase> <!-- verifyLoginTc -->
</testsuite> <!-- Test1_firefoxTest -->
