<?xml version="1.0" encoding="UTF-8"?>
<!-- Generated by org.testng.reporters.JUnitXMLReporter -->
<testsuite ignored="4" hostname="DESKTOP-0A8DN9C" failures="0" tests="4" name="Test" time="0.109" errors="0" timestamp="2024-11-18T15:38:28 IST">
  <testcase classname="TestNG.demo1" name="TC1" time="0.013"/>
  <testcase classname="TestNG.demo1" name="TC2" time="0.003"/>
  <testcase classname="TestNG.demo2" name="TC6" time="0.003"/>
  <testcase classname="TestNG.demo2" name="TC7" time="0.002"/>
  <testcase classname="TestNG.demo2" name="TC5" time="0.0">
    <ignored/>
  </testcase> <!-- TC5 -->
  <testcase classname="TestNG.demo2" name="TC8" time="0.0">
    <ignored/>
  </testcase> <!-- TC8 -->
  <testcase classname="TestNG.demo1" name="TC4" time="0.0">
    <ignored/>
  </testcase> <!-- TC4 -->
  <testcase classname="TestNG.demo1" name="TC3" time="0.0">
    <ignored/>
  </testcase> <!-- TC3 -->
</testsuite> <!-- Test -->
