<?xml version="1.0" encoding="UTF-8"?>
<!-- Generated by org.testng.reporters.JUnitXMLReporter -->
<testsuite ignored="2" hostname="DESKTOP-0A8DN9C" failures="0" tests="1" name="Default test(failed)(failed)(failed)(failed)" time="0.099" errors="0" timestamp="2024-11-13T11:35:31 IST">
  <testcase classname="TestNG.ex9_Sample2" name="TC6" time="0.019"/>
  <testcase classname="TestNG.ex9_Sample2" name="TC5" time="0.0">
    <ignored/>
  </testcase> <!-- TC5 -->
  <testcase classname="TestNG.ex9_Sample2" name="TC4" time="0.0">
    <ignored/>
  </testcase> <!-- TC4 -->
</testsuite> <!-- Default test(failed)(failed)(failed)(failed) -->
