<?xml version="1.0" encoding="UTF-8"?>
<testng-results ignored="0" total="1" passed="0" failed="1" skipped="0">
  <reporter-output>
  </reporter-output>
  <suite started-at="2024-11-20T22:04:20 IST" name="Default suite" finished-at="2024-11-20T22:04:33 IST" duration-ms="12733">
    <groups>
    </groups>
    <test started-at="2024-11-20T22:04:20 IST" name="Default test" finished-at="2024-11-20T22:04:33 IST" duration-ms="12733">
      <class name="POM_DDF_TestNG.SwagLabLoginTest">
        <test-method is-config="true" signature="openBrowser()[pri:0, instance:POM_DDF_TestNG.SwagLabLoginTest@7a8c8dcf]" started-at="2024-11-20T22:04:20 IST" name="openBrowser" finished-at="2024-11-20T22:04:26 IST" duration-ms="5081" status="PASS">
          <reporter-output>
          </reporter-output>
        </test-method> <!-- openBrowser -->
        <test-method is-config="true" signature="LoginToApp()[pri:0, instance:POM_DDF_TestNG.SwagLabLoginTest@7a8c8dcf]" started-at="2024-11-20T22:04:26 IST" name="LoginToApp" finished-at="2024-11-20T22:04:28 IST" duration-ms="2760" status="PASS">
          <reporter-output>
          </reporter-output>
        </test-method> <!-- LoginToApp -->
        <test-method signature="verifyLogo()[pri:0, instance:POM_DDF_TestNG.SwagLabLoginTest@7a8c8dcf]" started-at="2024-11-20T22:04:28 IST" name="verifyLogo" finished-at="2024-11-20T22:04:28 IST" duration-ms="73" status="FAIL">
          <exception class="java.lang.NullPointerException">
            <message>
              <![CDATA[Cannot invoke "org.apache.poi.ss.usermodel.Cell.getStringCellValue()" because the return value of "org.apache.poi.ss.usermodel.Row.getCell(int)" is null]]>
            </message>
            <full-stacktrace>
              <![CDATA[java.lang.NullPointerException: Cannot invoke "org.apache.poi.ss.usermodel.Cell.getStringCellValue()" because the return value of "org.apache.poi.ss.usermodel.Row.getCell(int)" is null
at POM_DDF_TestNG.SwagLabLoginTest.verifyLogo(SwagLabLoginTest.java:56)
at java.base/jdk.internal.reflect.NativeMethodAccessorImpl.invoke0(Native Method)
at java.base/jdk.internal.reflect.NativeMethodAccessorImpl.invoke(NativeMethodAccessorImpl.java:77)
at java.base/jdk.internal.reflect.DelegatingMethodAccessorImpl.invoke(DelegatingMethodAccessorImpl.java:43)
at java.base/java.lang.reflect.Method.invoke(Method.java:568)
at org.testng.internal.invokers.MethodInvocationHelper.invokeMethod(MethodInvocationHelper.java:141)
at org.testng.internal.invokers.TestInvoker.invokeMethod(TestInvoker.java:686)
at org.testng.internal.invokers.TestInvoker.invokeTestMethod(TestInvoker.java:230)
at org.testng.internal.invokers.MethodRunner.runInSequence(MethodRunner.java:63)
at org.testng.internal.invokers.TestInvoker$MethodInvocationAgent.invoke(TestInvoker.java:992)
at org.testng.internal.invokers.TestInvoker.invokeTestMethods(TestInvoker.java:203)
at org.testng.internal.invokers.TestMethodWorker.invokeTestMethods(TestMethodWorker.java:154)
at org.testng.internal.invokers.TestMethodWorker.run(TestMethodWorker.java:134)
at java.base/java.util.ArrayList.forEach(ArrayList.java:1511)
at org.testng.TestRunner.privateRun(TestRunner.java:739)
at org.testng.TestRunner.run(TestRunner.java:614)
at org.testng.SuiteRunner.runTest(SuiteRunner.java:421)
at org.testng.SuiteRunner.runSequentially(SuiteRunner.java:413)
at org.testng.SuiteRunner.privateRun(SuiteRunner.java:373)
at org.testng.SuiteRunner.run(SuiteRunner.java:312)
at org.testng.SuiteRunnerWorker.runSuite(SuiteRunnerWorker.java:52)
at org.testng.SuiteRunnerWorker.run(SuiteRunnerWorker.java:95)
at org.testng.TestNG.runSuitesSequentially(TestNG.java:1274)
at org.testng.TestNG.runSuitesLocally(TestNG.java:1208)
at org.testng.TestNG.runSuites(TestNG.java:1112)
at org.testng.TestNG.run(TestNG.java:1079)
at org.testng.remote.AbstractRemoteTestNG.run(AbstractRemoteTestNG.java:115)
at org.testng.remote.RemoteTestNG.initAndRun(RemoteTestNG.java:293)
at org.testng.remote.RemoteTestNG.main(RemoteTestNG.java:91)
]]>
            </full-stacktrace>
          </exception> <!-- java.lang.NullPointerException -->
          <reporter-output>
          </reporter-output>
        </test-method> <!-- verifyLogo -->
        <test-method is-config="true" signature="LogoutFromApp()[pri:0, instance:POM_DDF_TestNG.SwagLabLoginTest@7a8c8dcf]" started-at="2024-11-20T22:04:28 IST" name="LogoutFromApp" finished-at="2024-11-20T22:04:33 IST" duration-ms="4323" status="PASS">
          <reporter-output>
          </reporter-output>
        </test-method> <!-- LogoutFromApp -->
        <test-method is-config="true" signature="closeBrowser()[pri:0, instance:POM_DDF_TestNG.SwagLabLoginTest@7a8c8dcf]" started-at="2024-11-20T22:04:33 IST" name="closeBrowser" finished-at="2024-11-20T22:04:33 IST" duration-ms="379" status="PASS">
          <reporter-output>
          </reporter-output>
        </test-method> <!-- closeBrowser -->
      </class> <!-- POM_DDF_TestNG.SwagLabLoginTest -->
    </test> <!-- Default test -->
  </suite> <!-- Default suite -->
</testng-results>
